<?xml version="1.0" encoding="UTF-8"?>
<!-- Generated by org.testng.reporters.JUnitReportReporter -->
<testsuite skipped="0" hostname="Exts-Rent-13" name="com.test.BasicFlow" tests="3" failures="0" timestamp="04 Jan 2019 10:11:12 GMT" time="35.507" errors="0">
  <testcase name="flipkart" time="14.892" classname="com.test.BasicFlow"/>
  <testcase name="Amazonloaunch" time="9.908" classname="com.test.BasicFlow"/>
  <testcase name="myntra" time="10.707" classname="com.test.BasicFlow"/>
</testsuite> <!-- com.test.BasicFlow -->
